C:\USERS\WILL\DROPBOX\UNIVERSITY\LEVEL 2\CMP2067M ADVANCED SOFTWARE DEVELOPMENT\ASSIGNMENTS\SAW11239411_CMP2067M_ITEM1\DEBUG\ASSIGNMENT1.EXE
C:\USERS\WILL\DROPBOX\UNIVERSITY\LEVEL 2\CMP2067M ADVANCED SOFTWARE DEVELOPMENT\ASSIGNMENTS\SAW11239411_CMP2067M_ITEM1\DEBUG\ASSIGNMENT1.ILK
C:\USERS\WILL\DROPBOX\UNIVERSITY\LEVEL 2\CMP2067M ADVANCED SOFTWARE DEVELOPMENT\ASSIGNMENTS\SAW11239411_CMP2067M_ITEM1\DEBUG\ASSIGNMENT1.PDB
C:\USERS\WILL\DROPBOX\UNIVERSITY\LEVEL 2\CMP2067M ADVANCED SOFTWARE DEVELOPMENT\ASSIGNMENTS\SAW11239411_CMP2067M_ITEM1\TASK 1\DEBUG\ASSIGNMENT1.EXE.INTERMEDIATE.MANIFEST
C:\Users\Will\Dropbox\University\Level 2\CMP2067m Advanced Software Development\Assignments\SAW11239411_CMP2067M_Item1\Task 1\Debug\cl.command.1.tlog
C:\Users\Will\Dropbox\University\Level 2\CMP2067m Advanced Software Development\Assignments\SAW11239411_CMP2067M_Item1\Task 1\Debug\CL.read.1.tlog
C:\Users\Will\Dropbox\University\Level 2\CMP2067m Advanced Software Development\Assignments\SAW11239411_CMP2067M_Item1\Task 1\Debug\CL.write.1.tlog
C:\Users\Will\Dropbox\University\Level 2\CMP2067m Advanced Software Development\Assignments\SAW11239411_CMP2067M_Item1\Task 1\Debug\link.command.1.tlog
C:\Users\Will\Dropbox\University\Level 2\CMP2067m Advanced Software Development\Assignments\SAW11239411_CMP2067M_Item1\Task 1\Debug\link.read.1.tlog
C:\Users\Will\Dropbox\University\Level 2\CMP2067m Advanced Software Development\Assignments\SAW11239411_CMP2067M_Item1\Task 1\Debug\link.write.1.tlog
C:\USERS\WILL\DROPBOX\UNIVERSITY\LEVEL 2\CMP2067M ADVANCED SOFTWARE DEVELOPMENT\ASSIGNMENTS\SAW11239411_CMP2067M_ITEM1\TASK 1\DEBUG\MAIN.OBJ
C:\USERS\WILL\DROPBOX\UNIVERSITY\LEVEL 2\CMP2067M ADVANCED SOFTWARE DEVELOPMENT\ASSIGNMENTS\SAW11239411_CMP2067M_ITEM1\TASK 1\DEBUG\MATRIX.OBJ
C:\Users\Will\Dropbox\University\Level 2\CMP2067m Advanced Software Development\Assignments\SAW11239411_CMP2067M_Item1\Task 1\Debug\mt.command.1.tlog
C:\Users\Will\Dropbox\University\Level 2\CMP2067m Advanced Software Development\Assignments\SAW11239411_CMP2067M_Item1\Task 1\Debug\mt.read.1.tlog
C:\Users\Will\Dropbox\University\Level 2\CMP2067m Advanced Software Development\Assignments\SAW11239411_CMP2067M_Item1\Task 1\Debug\mt.write.1.tlog
C:\USERS\WILL\DROPBOX\UNIVERSITY\LEVEL 2\CMP2067M ADVANCED SOFTWARE DEVELOPMENT\ASSIGNMENTS\SAW11239411_CMP2067M_ITEM1\TASK 1\DEBUG\PRODUCEIMAGES.OBJ
C:\USERS\WILL\DROPBOX\UNIVERSITY\LEVEL 2\CMP2067M ADVANCED SOFTWARE DEVELOPMENT\ASSIGNMENTS\SAW11239411_CMP2067M_ITEM1\TASK 1\DEBUG\READTXT.OBJ
C:\USERS\WILL\DROPBOX\UNIVERSITY\LEVEL 2\CMP2067M ADVANCED SOFTWARE DEVELOPMENT\ASSIGNMENTS\SAW11239411_CMP2067M_ITEM1\TASK 1\DEBUG\TASK1.OBJ
C:\USERS\WILL\DROPBOX\UNIVERSITY\LEVEL 2\CMP2067M ADVANCED SOFTWARE DEVELOPMENT\ASSIGNMENTS\SAW11239411_CMP2067M_ITEM1\TASK 1\DEBUG\TASK2.OBJ
C:\Users\Will\Dropbox\University\Level 2\CMP2067m Advanced Software Development\Assignments\SAW11239411_CMP2067M_Item1\Task 1\Debug\vc100.idb
C:\USERS\WILL\DROPBOX\UNIVERSITY\LEVEL 2\CMP2067M ADVANCED SOFTWARE DEVELOPMENT\ASSIGNMENTS\SAW11239411_CMP2067M_ITEM1\TASK 1\DEBUG\VC100.PDB
C:\USERS\WILL\DROPBOX\UNIVERSITY\LEVEL 2\CMP2067M ADVANCED SOFTWARE DEVELOPMENT\ASSIGNMENTS\SAW11239411_CMP2067M_ITEM1\TASK 1\DEBUG\WRITEPGM.OBJ
