Build started 24/01/2013 12:17:36.
     1>Project "C:\Users\Will\Dropbox\University\Level 2\CMP2067m Advanced Software Development\Assignments\SAW11239411_CMP2067M_Item1\Task 1\Task 1.vcxproj" on node 2 (rebuild target(s)).
     1>_PrepareForClean:
         Deleting file "Debug\Assignment1.lastbuildstate".
       InitializeBuildStatus:
         Creating "Debug\Assignment1.unsuccessfulbuild" because "AlwaysCreate" was specified.
       ClCompile:
         c:\Program Files (x86)\Microsoft Visual Studio 10.0\VC\bin\CL.exe /c /ZI /nologo /W3 /WX- /Od /Oy- /D _MBCS /Gm /EHsc /RTC1 /MDd /GS /fp:precise /Zc:wchar_t /Zc:forScope /Fo"Debug\\" /Fd"Debug\vc100.pdb" /Gd /TP /analyze- /errorReport:prompt Main.cpp Matrix.cpp produceImages.cpp readTXT.cpp Task1.cpp Task2.cpp writePGM.cpp
         writePGM.cpp
         Task2.cpp
         Task1.cpp
         readTXT.cpp
         produceImages.cpp
         Matrix.cpp
         Main.cpp
         Generating Code...
       Link:
         c:\Program Files (x86)\Microsoft Visual Studio 10.0\VC\bin\link.exe /ERRORREPORT:PROMPT /OUT:"C:\Users\Will\Dropbox\University\Level 2\CMP2067m Advanced Software Development\Assignments\SAW11239411_CMP2067M_Item1\Debug\Assignment1.exe" /NOLOGO kernel32.lib user32.lib gdi32.lib winspool.lib comdlg32.lib advapi32.lib shell32.lib ole32.lib oleaut32.lib uuid.lib odbc32.lib odbccp32.lib /MANIFEST /ManifestFile:"Debug\Assignment1.exe.intermediate.manifest" /MANIFESTUAC:"level='asInvoker' uiAccess='false'" /DEBUG /PDB:"C:\Users\Will\Dropbox\University\Level 2\CMP2067m Advanced Software Development\Assignments\SAW11239411_CMP2067M_Item1\Debug\Assignment1.pdb" /TLBID:1 /DYNAMICBASE /NXCOMPAT /IMPLIB:"C:\Users\Will\Dropbox\University\Level 2\CMP2067m Advanced Software Development\Assignments\SAW11239411_CMP2067M_Item1\Debug\Assignment1.lib" /MACHINE:X86 Debug\Main.obj
         Debug\Matrix.obj
         Debug\produceImages.obj
         Debug\readTXT.obj
         Debug\Task1.obj
         Debug\Task2.obj
         Debug\writePGM.obj
         Task 1.vcxproj -> C:\Users\Will\Dropbox\University\Level 2\CMP2067m Advanced Software Development\Assignments\SAW11239411_CMP2067M_Item1\Debug\Assignment1.exe
       Manifest:
         C:\Program Files (x86)\Microsoft SDKs\Windows\v7.0A\bin\mt.exe /nologo /verbose /outputresource:"C:\Users\Will\Dropbox\University\Level 2\CMP2067m Advanced Software Development\Assignments\SAW11239411_CMP2067M_Item1\Debug\Assignment1.exe;#1" /manifest Debug\Assignment1.exe.intermediate.manifest
       FinalizeBuildStatus:
         Deleting file "Debug\Assignment1.unsuccessfulbuild".
         Touching "Debug\Assignment1.lastbuildstate".
     1>Done Building Project "C:\Users\Will\Dropbox\University\Level 2\CMP2067m Advanced Software Development\Assignments\SAW11239411_CMP2067M_Item1\Task 1\Task 1.vcxproj" (rebuild target(s)).

Build succeeded.

Time Elapsed 00:00:11.45
