Build started 24/01/2013 15:17:48.
     1>Project "C:\Users\Will\Dropbox\University\Level 2\CMP2067m Advanced Software Development\Assignments\SAW11239411_CMP2067M_Item1\Task 1\Task 1.vcxproj" on node 2 (rebuild target(s)).
     1>PrepareForBuild:
         Creating directory "C:\Users\Will\Dropbox\University\Level 2\CMP2067m Advanced Software Development\Assignments\SAW11239411_CMP2067M_Item1\Release\".
       InitializeBuildStatus:
         Creating "Release\Assignment1.unsuccessfulbuild" because "AlwaysCreate" was specified.
       ClCompile:
         c:\Program Files\Microsoft Visual Studio 10.0\VC\bin\CL.exe /c /Zi /nologo /W3 /WX- /O2 /Oi /Oy- /GL /D _MBCS /Gm- /EHsc /MD /GS /Gy /fp:precise /Zc:wchar_t /Zc:forScope /Fo"Release\\" /Fd"Release\vc100.pdb" /Gd /TP /analyze- /errorReport:prompt Main.cpp Matrix.cpp produceImages.cpp readTXT.cpp Task1.cpp Task2.cpp writePGM.cpp
         Main.cpp
         Matrix.cpp
         produceImages.cpp
         readTXT.cpp
         Task1.cpp
         Task2.cpp
         writePGM.cpp
       Link:
         c:\Program Files\Microsoft Visual Studio 10.0\VC\bin\link.exe /ERRORREPORT:PROMPT /OUT:"C:\Users\Will\Dropbox\University\Level 2\CMP2067m Advanced Software Development\Assignments\SAW11239411_CMP2067M_Item1\Release\Assignment1.exe" /NOLOGO kernel32.lib user32.lib gdi32.lib winspool.lib comdlg32.lib advapi32.lib shell32.lib ole32.lib oleaut32.lib uuid.lib odbc32.lib odbccp32.lib /MANIFEST /ManifestFile:"Release\Assignment1.exe.intermediate.manifest" /MANIFESTUAC:"level='asInvoker' uiAccess='false'" /DEBUG /PDB:"C:\Users\Will\Dropbox\University\Level 2\CMP2067m Advanced Software Development\Assignments\SAW11239411_CMP2067M_Item1\Release\Assignment1.pdb" /OPT:REF /OPT:ICF /LTCG /TLBID:1 /DYNAMICBASE /NXCOMPAT /IMPLIB:"C:\Users\Will\Dropbox\University\Level 2\CMP2067m Advanced Software Development\Assignments\SAW11239411_CMP2067M_Item1\Release\Assignment1.lib" /MACHINE:X86 Release\Main.obj
         Release\Matrix.obj
         Release\produceImages.obj
         Release\readTXT.obj
         Release\Task1.obj
         Release\Task2.obj
         Release\writePGM.obj
         Generating code
         Finished generating code
         Task 1.vcxproj -> C:\Users\Will\Dropbox\University\Level 2\CMP2067m Advanced Software Development\Assignments\SAW11239411_CMP2067M_Item1\Release\Assignment1.exe
       Manifest:
         C:\Program Files\Microsoft SDKs\Windows\v7.0A\bin\mt.exe /nologo /verbose /outputresource:"C:\Users\Will\Dropbox\University\Level 2\CMP2067m Advanced Software Development\Assignments\SAW11239411_CMP2067M_Item1\Release\Assignment1.exe;#1" /manifest Release\Assignment1.exe.intermediate.manifest
       FinalizeBuildStatus:
         Deleting file "Release\Assignment1.unsuccessfulbuild".
         Touching "Release\Assignment1.lastbuildstate".
     1>Done Building Project "C:\Users\Will\Dropbox\University\Level 2\CMP2067m Advanced Software Development\Assignments\SAW11239411_CMP2067M_Item1\Task 1\Task 1.vcxproj" (rebuild target(s)).

Build succeeded.

Time Elapsed 00:00:10.29
